<?xml version="1.0" encoding="UTF-8"?>
<coverage generated="1611426319049" clover="3.2.0">
  <project timestamp="1611426319049" name="All files">
    <metrics statements="35" coveredstatements="0" conditionals="8" coveredconditionals="0" methods="16" coveredmethods="0" elements="59" coveredelements="0" complexity="0" loc="35" ncloc="35" packages="1" files="5" classes="5"/>
    <file name="Sectiklerimiz.vue" path="C:\Users\terzi\OneDrive\Belgeler\GitHub\DR_Vue\pages\Sectiklerimiz.vue">
      <metrics statements="1" coveredstatements="0" conditionals="0" coveredconditionals="0" methods="0" coveredmethods="0"/>
      <line num="8" count="0" type="stmt"/>
    </file>
    <file name="Sepetim.vue" path="C:\Users\terzi\OneDrive\Belgeler\GitHub\DR_Vue\pages\Sepetim.vue">
      <metrics statements="8" coveredstatements="0" conditionals="2" coveredconditionals="0" methods="4" coveredmethods="0"/>
      <line num="57" count="0" type="stmt"/>
      <line num="58" count="0" type="stmt"/>
      <line num="65" count="0" type="stmt"/>
      <line num="75" count="0" type="cond" truecount="0" falsecount="2"/>
      <line num="76" count="0" type="stmt"/>
      <line num="77" count="0" type="stmt"/>
      <line num="78" count="0" type="stmt"/>
      <line num="83" count="0" type="stmt"/>
    </file>
    <file name="_id.vue" path="C:\Users\terzi\OneDrive\Belgeler\GitHub\DR_Vue\pages\_id.vue">
      <metrics statements="15" coveredstatements="0" conditionals="4" coveredconditionals="0" methods="7" coveredmethods="0"/>
      <line num="429" count="0" type="stmt"/>
      <line num="431" count="0" type="stmt"/>
      <line num="432" count="0" type="stmt"/>
      <line num="433" count="0" type="stmt"/>
      <line num="441" count="0" type="stmt"/>
      <line num="455" count="0" type="stmt"/>
      <line num="458" count="0" type="stmt"/>
      <line num="461" count="0" type="stmt"/>
      <line num="462" count="0" type="stmt"/>
      <line num="475" count="0" type="cond" truecount="0" falsecount="2"/>
      <line num="477" count="0" type="stmt"/>
      <line num="482" count="0" type="cond" truecount="0" falsecount="2"/>
      <line num="483" count="0" type="stmt"/>
      <line num="485" count="0" type="stmt"/>
      <line num="488" count="0" type="stmt"/>
    </file>
    <file name="index.vue" path="C:\Users\terzi\OneDrive\Belgeler\GitHub\DR_Vue\pages\index.vue">
      <metrics statements="10" coveredstatements="0" conditionals="2" coveredconditionals="0" methods="5" coveredmethods="0"/>
      <line num="97" count="0" type="stmt"/>
      <line num="104" count="0" type="stmt"/>
      <line num="113" count="0" type="stmt"/>
      <line num="114" count="0" type="stmt"/>
      <line num="115" count="0" type="stmt"/>
      <line num="116" count="0" type="stmt"/>
      <line num="120" count="0" type="stmt"/>
      <line num="126" count="0" type="cond" truecount="0" falsecount="2"/>
      <line num="127" count="0" type="stmt"/>
      <line num="129" count="0" type="stmt"/>
    </file>
    <file name="login.vue" path="C:\Users\terzi\OneDrive\Belgeler\GitHub\DR_Vue\pages\login.vue">
      <metrics statements="1" coveredstatements="0" conditionals="0" coveredconditionals="0" methods="0" coveredmethods="0"/>
      <line num="8" count="0" type="stmt"/>
    </file>
  </project>
</coverage>
