<?xml version="1.0" encoding="UTF-8"?>
<coverage generated="1609851080005" clover="3.2.0">
  <project timestamp="1609851080005" name="All files">
    <metrics statements="35" coveredstatements="0" conditionals="8" coveredconditionals="0" methods="16" coveredmethods="0" elements="59" coveredelements="0" complexity="0" loc="35" ncloc="35" packages="1" files="5" classes="5"/>
    <file name="Sectiklerimiz.vue" path="C:\Users\terzi\OneDrive\Belgeler\GitHub\DR_Vue\pages\Sectiklerimiz.vue">
      <metrics statements="1" coveredstatements="0" conditionals="0" coveredconditionals="0" methods="0" coveredmethods="0"/>
      <line num="8" count="0" type="stmt"/>
    </file>
    <file name="Sepetim.vue" path="C:\Users\terzi\OneDrive\Belgeler\GitHub\DR_Vue\pages\Sepetim.vue">
      <metrics statements="8" coveredstatements="0" conditionals="2" coveredconditionals="0" methods="4" coveredmethods="0"/>
      <line num="57" count="0" type="stmt"/>
      <line num="58" count="0" type="stmt"/>
      <line num="65" count="0" type="stmt"/>
      <line num="75" count="0" type="cond" truecount="0" falsecount="2"/>
      <line num="76" count="0" type="stmt"/>
      <line num="77" count="0" type="stmt"/>
      <line num="78" count="0" type="stmt"/>
      <line num="83" count="0" type="stmt"/>
    </file>
    <file name="_id.vue" path="C:\Users\terzi\OneDrive\Belgeler\GitHub\DR_Vue\pages\_id.vue">
      <metrics statements="15" coveredstatements="0" conditionals="4" coveredconditionals="0" methods="7" coveredmethods="0"/>
      <line num="429" count="0" type="stmt"/>
      <line num="430" count="0" type="stmt"/>
      <line num="431" count="0" type="stmt"/>
      <line num="432" count="0" type="stmt"/>
      <line num="440" count="0" type="stmt"/>
      <line num="454" count="0" type="stmt"/>
      <line num="457" count="0" type="stmt"/>
      <line num="460" count="0" type="stmt"/>
      <line num="461" count="0" type="stmt"/>
      <line num="474" count="0" type="cond" truecount="0" falsecount="2"/>
      <line num="476" count="0" type="stmt"/>
      <line num="481" count="0" type="cond" truecount="0" falsecount="2"/>
      <line num="482" count="0" type="stmt"/>
      <line num="484" count="0" type="stmt"/>
      <line num="487" count="0" type="stmt"/>
    </file>
    <file name="index.vue" path="C:\Users\terzi\OneDrive\Belgeler\GitHub\DR_Vue\pages\index.vue">
      <metrics statements="10" coveredstatements="0" conditionals="2" coveredconditionals="0" methods="5" coveredmethods="0"/>
      <line num="96" count="0" type="stmt"/>
      <line num="103" count="0" type="stmt"/>
      <line num="112" count="0" type="stmt"/>
      <line num="113" count="0" type="stmt"/>
      <line num="114" count="0" type="stmt"/>
      <line num="115" count="0" type="stmt"/>
      <line num="119" count="0" type="stmt"/>
      <line num="125" count="0" type="cond" truecount="0" falsecount="2"/>
      <line num="126" count="0" type="stmt"/>
      <line num="128" count="0" type="stmt"/>
    </file>
    <file name="login.vue" path="C:\Users\terzi\OneDrive\Belgeler\GitHub\DR_Vue\pages\login.vue">
      <metrics statements="1" coveredstatements="0" conditionals="0" coveredconditionals="0" methods="0" coveredmethods="0"/>
      <line num="8" count="0" type="stmt"/>
    </file>
  </project>
</coverage>
