{"C:\\Users\\terzi\\OneDrive\\Belgeler\\GitHub\\DR_Vue\\pages\\Sectiklerimiz.vue": {"path":"C:\\Users\\terzi\\OneDrive\\Belgeler\\GitHub\\DR_Vue\\pages\\Sectiklerimiz.vue","statementMap":{"0":{"start":{"line":8,"column":0},"end":{"line":8,"column":null}}},"fnMap":{},"branchMap":{},"s":{"0":0},"f":{},"b":{}}
,"C:\\Users\\terzi\\OneDrive\\Belgeler\\GitHub\\DR_Vue\\pages\\Sepetim.vue": {"path":"C:\\Users\\terzi\\OneDrive\\Belgeler\\GitHub\\DR_Vue\\pages\\Sepetim.vue","statementMap":{"0":{"start":{"line":57,"column":0},"end":{"line":57,"column":null}},"1":{"start":{"line":58,"column":0},"end":{"line":58,"column":null}},"2":{"start":{"line":65,"column":0},"end":{"line":65,"column":null}},"3":{"start":{"line":75,"column":0},"end":{"line":80,"column":null}},"4":{"start":{"line":76,"column":0},"end":{"line":79,"column":null}},"5":{"start":{"line":77,"column":0},"end":{"line":77,"column":null}},"6":{"start":{"line":78,"column":0},"end":{"line":78,"column":null}},"7":{"start":{"line":83,"column":0},"end":{"line":83,"column":null}}},"fnMap":{"0":{"name":"(anonymous_1)","decl":{"start":{"line":64,"column":0},"end":{"line":64,"column":null}},"loc":{"start":{"line":64,"column":0},"end":{"line":69,"column":null}}},"1":{"name":"(anonymous_2)","decl":{"start":{"line":74,"column":0},"end":{"line":74,"column":null}},"loc":{"start":{"line":74,"column":0},"end":{"line":81,"column":null}}},"2":{"name":"(anonymous_3)","decl":{"start":{"line":76,"column":0},"end":{"line":76,"column":null}},"loc":{"start":{"line":76,"column":0},"end":{"line":79,"column":null}}},"3":{"name":"(anonymous_4)","decl":{"start":{"line":82,"column":0},"end":{"line":82,"column":null}},"loc":{"start":{"line":82,"column":0},"end":{"line":84,"column":null}}}},"branchMap":{"0":{"loc":{"start":{"line":75,"column":0},"end":{"line":80,"column":null}},"type":"if","locations":[{"start":{"line":75,"column":0},"end":{"line":80,"column":null}},{"start":{"line":75,"column":0},"end":{"line":80,"column":null}}]}},"s":{"0":0,"1":0,"2":0,"3":0,"4":0,"5":0,"6":0,"7":0},"f":{"0":0,"1":0,"2":0,"3":0},"b":{"0":[0,0]}}
,"C:\\Users\\terzi\\OneDrive\\Belgeler\\GitHub\\DR_Vue\\pages\\_id.vue": {"path":"C:\\Users\\terzi\\OneDrive\\Belgeler\\GitHub\\DR_Vue\\pages\\_id.vue","statementMap":{"0":{"start":{"line":429,"column":0},"end":{"line":429,"column":null}},"1":{"start":{"line":431,"column":0},"end":{"line":431,"column":null}},"2":{"start":{"line":432,"column":0},"end":{"line":432,"column":null}},"3":{"start":{"line":433,"column":0},"end":{"line":433,"column":null}},"4":{"start":{"line":441,"column":0},"end":{"line":441,"column":null}},"5":{"start":{"line":455,"column":0},"end":{"line":455,"column":null}},"6":{"start":{"line":458,"column":0},"end":{"line":458,"column":null}},"7":{"start":{"line":461,"column":0},"end":{"line":461,"column":null}},"8":{"start":{"line":462,"column":0},"end":{"line":462,"column":null}},"9":{"start":{"line":475,"column":0},"end":{"line":478,"column":null}},"10":{"start":{"line":477,"column":0},"end":{"line":477,"column":null}},"11":{"start":{"line":482,"column":0},"end":{"line":485,"column":null}},"12":{"start":{"line":483,"column":0},"end":{"line":483,"column":null}},"13":{"start":{"line":485,"column":0},"end":{"line":485,"column":null}},"14":{"start":{"line":488,"column":0},"end":{"line":488,"column":null}}},"fnMap":{"0":{"name":"(anonymous_1)","decl":{"start":{"line":440,"column":0},"end":{"line":440,"column":null}},"loc":{"start":{"line":440,"column":0},"end":{"line":452,"column":null}}},"1":{"name":"(anonymous_2)","decl":{"start":{"line":454,"column":0},"end":{"line":454,"column":null}},"loc":{"start":{"line":454,"column":0},"end":{"line":456,"column":null}}},"2":{"name":"(anonymous_3)","decl":{"start":{"line":457,"column":0},"end":{"line":457,"column":null}},"loc":{"start":{"line":457,"column":0},"end":{"line":459,"column":null}}},"3":{"name":"(anonymous_4)","decl":{"start":{"line":460,"column":0},"end":{"line":460,"column":null}},"loc":{"start":{"line":460,"column":0},"end":{"line":463,"column":null}}},"4":{"name":"(anonymous_5)","decl":{"start":{"line":474,"column":0},"end":{"line":474,"column":null}},"loc":{"start":{"line":474,"column":0},"end":{"line":479,"column":null}}},"5":{"name":"(anonymous_6)","decl":{"start":{"line":480,"column":0},"end":{"line":480,"column":null}},"loc":{"start":{"line":480,"column":0},"end":{"line":486,"column":null}}},"6":{"name":"(anonymous_7)","decl":{"start":{"line":487,"column":0},"end":{"line":487,"column":null}},"loc":{"start":{"line":487,"column":0},"end":{"line":489,"column":null}}}},"branchMap":{"0":{"loc":{"start":{"line":475,"column":0},"end":{"line":478,"column":null}},"type":"if","locations":[{"start":{"line":475,"column":0},"end":{"line":478,"column":null}},{"start":{"line":475,"column":0},"end":{"line":478,"column":null}}]},"1":{"loc":{"start":{"line":482,"column":0},"end":{"line":485,"column":null}},"type":"if","locations":[{"start":{"line":482,"column":0},"end":{"line":485,"column":null}},{"start":{"line":482,"column":0},"end":{"line":485,"column":null}}]}},"s":{"0":0,"1":0,"2":0,"3":0,"4":0,"5":0,"6":0,"7":0,"8":0,"9":0,"10":0,"11":0,"12":0,"13":0,"14":0},"f":{"0":0,"1":0,"2":0,"3":0,"4":0,"5":0,"6":0},"b":{"0":[0,0],"1":[0,0]}}
,"C:\\Users\\terzi\\OneDrive\\Belgeler\\GitHub\\DR_Vue\\pages\\index.vue": {"path":"C:\\Users\\terzi\\OneDrive\\Belgeler\\GitHub\\DR_Vue\\pages\\index.vue","statementMap":{"0":{"start":{"line":97,"column":0},"end":{"line":97,"column":null}},"1":{"start":{"line":104,"column":0},"end":{"line":104,"column":null}},"2":{"start":{"line":113,"column":0},"end":{"line":113,"column":null}},"3":{"start":{"line":114,"column":0},"end":{"line":114,"column":null}},"4":{"start":{"line":115,"column":0},"end":{"line":117,"column":null}},"5":{"start":{"line":116,"column":0},"end":{"line":116,"column":null}},"6":{"start":{"line":120,"column":0},"end":{"line":120,"column":null}},"7":{"start":{"line":126,"column":0},"end":{"line":129,"column":null}},"8":{"start":{"line":127,"column":0},"end":{"line":127,"column":null}},"9":{"start":{"line":129,"column":0},"end":{"line":129,"column":null}}},"fnMap":{"0":{"name":"(anonymous_1)","decl":{"start":{"line":103,"column":0},"end":{"line":103,"column":null}},"loc":{"start":{"line":103,"column":0},"end":{"line":110,"column":null}}},"1":{"name":"(anonymous_2)","decl":{"start":{"line":112,"column":0},"end":{"line":112,"column":null}},"loc":{"start":{"line":112,"column":0},"end":{"line":118,"column":null}}},"2":{"name":"(anonymous_3)","decl":{"start":{"line":115,"column":0},"end":{"line":115,"column":null}},"loc":{"start":{"line":115,"column":0},"end":{"line":117,"column":null}}},"3":{"name":"(anonymous_4)","decl":{"start":{"line":119,"column":0},"end":{"line":119,"column":null}},"loc":{"start":{"line":119,"column":0},"end":{"line":121,"column":null}}},"4":{"name":"(anonymous_5)","decl":{"start":{"line":124,"column":0},"end":{"line":124,"column":null}},"loc":{"start":{"line":124,"column":0},"end":{"line":130,"column":null}}}},"branchMap":{"0":{"loc":{"start":{"line":126,"column":0},"end":{"line":129,"column":null}},"type":"if","locations":[{"start":{"line":126,"column":0},"end":{"line":129,"column":null}},{"start":{"line":126,"column":0},"end":{"line":129,"column":null}}]}},"s":{"0":0,"1":0,"2":0,"3":0,"4":0,"5":0,"6":0,"7":0,"8":0,"9":0},"f":{"0":0,"1":0,"2":0,"3":0,"4":0},"b":{"0":[0,0]}}
,"C:\\Users\\terzi\\OneDrive\\Belgeler\\GitHub\\DR_Vue\\pages\\login.vue": {"path":"C:\\Users\\terzi\\OneDrive\\Belgeler\\GitHub\\DR_Vue\\pages\\login.vue","statementMap":{"0":{"start":{"line":8,"column":0},"end":{"line":8,"column":null}}},"fnMap":{},"branchMap":{},"s":{"0":0},"f":{},"b":{}}
}
