TN:
SF:pages\Sectiklerimiz.vue
FNF:0
FNH:0
DA:8,0
LF:1
LH:0
BRF:0
BRH:0
end_of_record
TN:
SF:pages\Sepetim.vue
FN:64,(anonymous_1)
FN:74,(anonymous_2)
FN:76,(anonymous_3)
FN:82,(anonymous_4)
FNF:4
FNH:0
FNDA:0,(anonymous_1)
FNDA:0,(anonymous_2)
FNDA:0,(anonymous_3)
FNDA:0,(anonymous_4)
DA:57,0
DA:58,0
DA:65,0
DA:75,0
DA:76,0
DA:77,0
DA:78,0
DA:83,0
LF:8
LH:0
BRDA:75,0,0,0
BRDA:75,0,1,0
BRF:2
BRH:0
end_of_record
TN:
SF:pages\_id.vue
FN:439,(anonymous_1)
FN:453,(anonymous_2)
FN:456,(anonymous_3)
FN:459,(anonymous_4)
FN:473,(anonymous_5)
FN:479,(anonymous_6)
FN:486,(anonymous_7)
FNF:7
FNH:0
FNDA:0,(anonymous_1)
FNDA:0,(anonymous_2)
FNDA:0,(anonymous_3)
FNDA:0,(anonymous_4)
FNDA:0,(anonymous_5)
FNDA:0,(anonymous_6)
FNDA:0,(anonymous_7)
DA:429,0
DA:430,0
DA:431,0
DA:432,0
DA:440,0
DA:454,0
DA:457,0
DA:460,0
DA:461,0
DA:474,0
DA:476,0
DA:481,0
DA:482,0
DA:484,0
DA:487,0
LF:15
LH:0
BRDA:474,0,0,0
BRDA:474,0,1,0
BRDA:481,1,0,0
BRDA:481,1,1,0
BRF:4
BRH:0
end_of_record
TN:
SF:pages\index.vue
FN:102,(anonymous_1)
FN:111,(anonymous_2)
FN:114,(anonymous_3)
FN:118,(anonymous_4)
FN:123,(anonymous_5)
FNF:5
FNH:0
FNDA:0,(anonymous_1)
FNDA:0,(anonymous_2)
FNDA:0,(anonymous_3)
FNDA:0,(anonymous_4)
FNDA:0,(anonymous_5)
DA:96,0
DA:103,0
DA:112,0
DA:113,0
DA:114,0
DA:115,0
DA:119,0
DA:125,0
DA:126,0
DA:128,0
LF:10
LH:0
BRDA:125,0,0,0
BRDA:125,0,1,0
BRF:2
BRH:0
end_of_record
TN:
SF:pages\login.vue
FNF:0
FNH:0
DA:8,0
LF:1
LH:0
BRF:0
BRH:0
end_of_record
