TN:
SF:pages\Sectiklerimiz.vue
FNF:0
FNH:0
DA:8,0
LF:1
LH:0
BRF:0
BRH:0
end_of_record
TN:
SF:pages\Sepetim.vue
FN:64,(anonymous_1)
FN:74,(anonymous_2)
FN:76,(anonymous_3)
FN:82,(anonymous_4)
FNF:4
FNH:0
FNDA:0,(anonymous_1)
FNDA:0,(anonymous_2)
FNDA:0,(anonymous_3)
FNDA:0,(anonymous_4)
DA:57,0
DA:58,0
DA:65,0
DA:75,0
DA:76,0
DA:77,0
DA:78,0
DA:83,0
LF:8
LH:0
BRDA:75,0,0,0
BRDA:75,0,1,0
BRF:2
BRH:0
end_of_record
TN:
SF:pages\_id.vue
FN:440,(anonymous_1)
FN:454,(anonymous_2)
FN:457,(anonymous_3)
FN:460,(anonymous_4)
FN:474,(anonymous_5)
FN:480,(anonymous_6)
FN:487,(anonymous_7)
FNF:7
FNH:0
FNDA:0,(anonymous_1)
FNDA:0,(anonymous_2)
FNDA:0,(anonymous_3)
FNDA:0,(anonymous_4)
FNDA:0,(anonymous_5)
FNDA:0,(anonymous_6)
FNDA:0,(anonymous_7)
DA:429,0
DA:431,0
DA:432,0
DA:433,0
DA:441,0
DA:455,0
DA:458,0
DA:461,0
DA:462,0
DA:475,0
DA:477,0
DA:482,0
DA:483,0
DA:485,0
DA:488,0
LF:15
LH:0
BRDA:475,0,0,0
BRDA:475,0,1,0
BRDA:482,1,0,0
BRDA:482,1,1,0
BRF:4
BRH:0
end_of_record
TN:
SF:pages\index.vue
FN:103,(anonymous_1)
FN:112,(anonymous_2)
FN:115,(anonymous_3)
FN:119,(anonymous_4)
FN:124,(anonymous_5)
FNF:5
FNH:0
FNDA:0,(anonymous_1)
FNDA:0,(anonymous_2)
FNDA:0,(anonymous_3)
FNDA:0,(anonymous_4)
FNDA:0,(anonymous_5)
DA:97,0
DA:104,0
DA:113,0
DA:114,0
DA:115,0
DA:116,0
DA:120,0
DA:126,0
DA:127,0
DA:129,0
LF:10
LH:0
BRDA:126,0,0,0
BRDA:126,0,1,0
BRF:2
BRH:0
end_of_record
TN:
SF:pages\login.vue
FNF:0
FNH:0
DA:8,0
LF:1
LH:0
BRF:0
BRH:0
end_of_record
